Using pre-set license
Built from '2021.3/staging' branch; Version is '2021.3.16f1 (4016570cf34f) revision 4200023'; Using compiler version '192829333'; Build Type 'Release'
OS: 'Windows 11  (10.0.22000) 64bit Professional' Language: 'es' Physical Memory: 16307 MB
BatchMode: 1, IsHumanControllingUs: 0, StartBugReporterOnCrash: 0, Is64bit: 1, IsPro: 1

COMMAND LINE ARGUMENTS:
C:\Program Files\Unity\Hub\Editor\2021.3.16f1\Editor\Unity.exe
-adb2
-batchMode
-noUpm
-name
AssetImportWorker2
-projectPath
C:/Users/Daniel Felipe/Prueba1
-logFile
Logs/AssetImportWorker2.log
-srvPort
60753
Successfully changed project path to: C:/Users/Daniel Felipe/Prueba1
C:/Users/Daniel Felipe/Prueba1
[UnityMemory] Configuration Parameters - Can be set up in boot.config
    "memorysetup-bucket-allocator-granularity=16"
    "memorysetup-bucket-allocator-bucket-count=8"
    "memorysetup-bucket-allocator-block-size=33554432"
    "memorysetup-bucket-allocator-block-count=8"
    "memorysetup-main-allocator-block-size=16777216"
    "memorysetup-thread-allocator-block-size=16777216"
    "memorysetup-gfx-main-allocator-block-size=16777216"
    "memorysetup-gfx-thread-allocator-block-size=16777216"
    "memorysetup-cache-allocator-block-size=4194304"
    "memorysetup-typetree-allocator-block-size=2097152"
    "memorysetup-profiler-bucket-allocator-granularity=16"
    "memorysetup-profiler-bucket-allocator-bucket-count=8"
    "memorysetup-profiler-bucket-allocator-block-size=33554432"
    "memorysetup-profiler-bucket-allocator-block-count=8"
    "memorysetup-profiler-allocator-block-size=16777216"
    "memorysetup-profiler-editor-allocator-block-size=1048576"
    "memorysetup-temp-allocator-size-main=16777216"
    "memorysetup-job-temp-allocator-block-size=2097152"
    "memorysetup-job-temp-allocator-block-size-background=1048576"
    "memorysetup-job-temp-allocator-reduction-small-platforms=262144"
    "memorysetup-temp-allocator-size-background-worker=32768"
    "memorysetup-temp-allocator-size-job-worker=262144"
    "memorysetup-temp-allocator-size-preload-manager=33554432"
    "memorysetup-temp-allocator-size-nav-mesh-worker=65536"
    "memorysetup-temp-allocator-size-audio-worker=65536"
    "memorysetup-temp-allocator-size-cloud-worker=32768"
    "memorysetup-temp-allocator-size-gi-baking-worker=262144"
    "memorysetup-temp-allocator-size-gfx=262144"
Player connection [10172] Host "[IP] 192.168.0.10 [Port] 0 [Flags] 2 [Guid] 419564899 [EditorId] 419564899 [Version] 1048832 [Id] WindowsEditor(7,DaniFelipe) [Debug] 1 [PackageName] WindowsEditor [ProjectName] Editor" joined multi-casting on [225.0.0.222:54997]...

Player connection [10172] Host "[IP] 192.168.0.10 [Port] 0 [Flags] 2 [Guid] 419564899 [EditorId] 419564899 [Version] 1048832 [Id] WindowsEditor(7,DaniFelipe) [Debug] 1 [PackageName] WindowsEditor [ProjectName] Editor" joined alternative multi-casting on [225.0.0.222:34997]...

Refreshing native plugins compatible for Editor in 48.10 ms, found 2 plugins.
Preloading 0 native plugins for Editor in 0.00 ms.
Initialize engine version: 2021.3.16f1 (4016570cf34f)
[Subsystems] Discovering subsystems at path C:/Program Files/Unity/Hub/Editor/2021.3.16f1/Editor/Data/Resources/UnitySubsystems
[Subsystems] Discovering subsystems at path C:/Users/Daniel Felipe/Prueba1/Assets
GfxDevice: creating device client; threaded=0; jobified=0
Direct3D:
    Version:  Direct3D 11.0 [level 11.1]
    Renderer: NVIDIA GeForce GTX 1650 (ID=0x1f82)
    Vendor:   NVIDIA
    VRAM:     3950 MB
    Driver:   31.0.15.3118
Initialize mono
Mono path[0] = 'C:/Program Files/Unity/Hub/Editor/2021.3.16f1/Editor/Data/Managed'
Mono path[1] = 'C:/Program Files/Unity/Hub/Editor/2021.3.16f1/Editor/Data/MonoBleedingEdge/lib/mono/unityjit-win32'
Mono config path = 'C:/Program Files/Unity/Hub/Editor/2021.3.16f1/Editor/Data/MonoBleedingEdge/etc'
Using monoOptions --debugger-agent=transport=dt_socket,embedding=1,server=y,suspend=n,address=127.0.0.1:56444
Begin MonoManager ReloadAssembly
Registering precompiled unity dll's ...
Register platform support module: C:/Program Files/Unity/Hub/Editor/2021.3.16f1/Editor/Data/PlaybackEngines/WebGLSupport/UnityEditor.WebGL.Extensions.dll
Register platform support module: C:/Program Files/Unity/Hub/Editor/2021.3.16f1/Editor/Data/PlaybackEngines/MacStandaloneSupport/UnityEditor.OSXStandalone.Extensions.dll
Register platform support module: C:/Program Files/Unity/Hub/Editor/2021.3.16f1/Editor/Data/PlaybackEngines/WindowsStandaloneSupport/UnityEditor.WindowsStandalone.Extensions.dll
Register platform support module: C:/Program Files/Unity/Hub/Editor/2021.3.16f1/Editor/Data/PlaybackEngines/LinuxStandaloneSupport/UnityEditor.LinuxStandalone.Extensions.dll
Registered in 0.005846 seconds.
Native extension for LinuxStandalone target not found
Native extension for WindowsStandalone target not found
Native extension for OSXStandalone target not found
Native extension for WebGL target not found
Refreshing native plugins compatible for Editor in 40.79 ms, found 2 plugins.
Preloading 0 native plugins for Editor in 0.00 ms.
Mono: successfully reloaded assembly
- Completed reload, in  0.495 seconds
Domain Reload Profiling:
	ReloadAssembly (496ms)
		BeginReloadAssembly (59ms)
			ExecutionOrderSort (0ms)
			DisableScriptedObjects (0ms)
			BackupInstance (0ms)
			ReleaseScriptingObjects (0ms)
			CreateAndSetChildDomain (1ms)
		EndReloadAssembly (341ms)
			LoadAssemblies (58ms)
			RebuildTransferFunctionScriptingTraits (0ms)
			SetupTypeCache (91ms)
			ReleaseScriptCaches (0ms)
			RebuildScriptCaches (21ms)
			SetupLoadedEditorAssemblies (187ms)
				LogAssemblyErrors (0ms)
				InitializePlatformSupportModulesInManaged (11ms)
				SetLoadedEditorAssemblies (0ms)
				RefreshPlugins (41ms)
				BeforeProcessingInitializeOnLoad (1ms)
				ProcessInitializeOnLoadAttributes (98ms)
				ProcessInitializeOnLoadMethodAttributes (35ms)
				AfterProcessingInitializeOnLoad (0ms)
				EditorAssembliesLoaded (0ms)
			ExecutionOrderSort2 (0ms)
			AwakeInstancesAfterBackupRestoration (0ms)
Platform modules already initialized, skipping
Registering precompiled user dll's ...
Registered in 0.004643 seconds.
Begin MonoManager ReloadAssembly
Native extension for LinuxStandalone target not found
Native extension for WindowsStandalone target not found
Native extension for OSXStandalone target not found
Native extension for WebGL target not found
Refreshing native plugins compatible for Editor in 0.81 ms, found 2 plugins.
Preloading 0 native plugins for Editor in 0.00 ms.
Package Manager log level set to [2]
Mono: successfully reloaded assembly
- Completed reload, in  0.837 seconds
Domain Reload Profiling:
	ReloadAssembly (838ms)
		BeginReloadAssembly (90ms)
			ExecutionOrderSort (0ms)
			DisableScriptedObjects (5ms)
			BackupInstance (0ms)
			ReleaseScriptingObjects (0ms)
			CreateAndSetChildDomain (17ms)
		EndReloadAssembly (649ms)
			LoadAssemblies (67ms)
			RebuildTransferFunctionScriptingTraits (0ms)
			SetupTypeCache (162ms)
			ReleaseScriptCaches (1ms)
			RebuildScriptCaches (37ms)
			SetupLoadedEditorAssemblies (351ms)
				LogAssemblyErrors (0ms)
				InitializePlatformSupportModulesInManaged (9ms)
				SetLoadedEditorAssemblies (1ms)
				RefreshPlugins (1ms)
				BeforeProcessingInitializeOnLoad (57ms)
				ProcessInitializeOnLoadAttributes (170ms)
				ProcessInitializeOnLoadMethodAttributes (108ms)
				AfterProcessingInitializeOnLoad (6ms)
				EditorAssembliesLoaded (0ms)
			ExecutionOrderSort2 (0ms)
			AwakeInstancesAfterBackupRestoration (5ms)
Platform modules already initialized, skipping
========================================================================
Worker process is ready to serve import requests
Launched and connected shader compiler UnityShaderCompiler.exe after 0.04 seconds
Refreshing native plugins compatible for Editor in 1.06 ms, found 2 plugins.
Preloading 0 native plugins for Editor in 0.00 ms.
Unloading 2414 Unused Serialized files (Serialized files now loaded: 0)
Unloading 62 unused Assets / (57.7 KB). Loaded Objects now: 2856.
Memory consumption went from 93.5 MB to 93.4 MB.
Total: 8.625000 ms (FindLiveObjects: 0.347200 ms CreateObjectMapping: 0.077600 ms MarkObjects: 8.052100 ms  DeleteObjects: 0.146500 ms)

AssetImportParameters requested are different than current active one (requested -> active):
  custom:video-decoder-ogg-theora: a1e56fd34408186e4bbccfd4996cb3dc -> 
  custom:container-muxer-webm: aa71ff27fc2769a1b78a27578f13a17b -> 
  custom:container-demuxer-webm: 4f35f7cbe854078d1ac9338744f61a02 -> 
  custom:video-encoder-webm-vp8: eb34c28f22e8b96e1ab97ce403110664 -> 
  custom:audio-encoder-webm-vorbis: bf7c407c2cedff20999df2af8eb42d56 -> 
  custom:framework-win-MediaFoundation: 216162199b28c13a410421893ffa2e32 -> 
  custom:container-demuxer-ogg: 62fdf1f143b41e24485cea50d1cbac27 -> 
  custom:video-decoder-webm-vp8: 9c59270c3fd7afecdb556c50c9e8de78 -> 
  custom:audio-decoder-ogg-vorbis: bf7c407c2cedff20999df2af8eb42d56 -> 
========================================================================
Received Import Request.
  Time since last request: 47538.957736 seconds.
  path: Assets/Custom Assets/Apple/Materials/Apple_mat.mat
  artifactKey: Guid(a5b5b5813e9efbd4bad9c4675bc36a23) Importer(815301076,1909f56bfc062723c751e8b465ee728b)
Start importing Assets/Custom Assets/Apple/Materials/Apple_mat.mat using Guid(a5b5b5813e9efbd4bad9c4675bc36a23) Importer(815301076,1909f56bfc062723c751e8b465ee728b)  -> (artifact id: 'd74c72e80dc3ad518f8ffaa4f9ed6886') in 0.191552 seconds 
========================================================================
Received Import Request.
  Time since last request: 1.047060 seconds.
  path: Assets/Custom Assets/Apple/Mesh/Apple.fbx
  artifactKey: Guid(f4d1fc1989563434685d32fe4b60ff6c) Importer(815301076,1909f56bfc062723c751e8b465ee728b)
Start importing Assets/Custom Assets/Apple/Mesh/Apple.fbx using Guid(f4d1fc1989563434685d32fe4b60ff6c) Importer(815301076,1909f56bfc062723c751e8b465ee728b)  -> (artifact id: 'bdeffec76573d5755a01ce25d4223d8a') in 0.093969 seconds 
========================================================================
Received Import Request.
  Time since last request: 0.520236 seconds.
  path: Assets/Custom Assets/Apple/Mesh/Materials/No Name.mat
  artifactKey: Guid(76fb60a959f95d841ae6b070474f5bd2) Importer(815301076,1909f56bfc062723c751e8b465ee728b)
Start importing Assets/Custom Assets/Apple/Mesh/Materials/No Name.mat using Guid(76fb60a959f95d841ae6b070474f5bd2) Importer(815301076,1909f56bfc062723c751e8b465ee728b)  -> (artifact id: '16ef253032281852e23913e17c4d5468') in 0.006007 seconds 
========================================================================
Received Import Request.
  Time since last request: 1.914841 seconds.
  path: Assets/Custom Assets/Apple/Prefab/Apple.prefab
  artifactKey: Guid(bfec01bc3e4d0444dbe595b4f55c6730) Importer(815301076,1909f56bfc062723c751e8b465ee728b)
Start importing Assets/Custom Assets/Apple/Prefab/Apple.prefab using Guid(bfec01bc3e4d0444dbe595b4f55c6730) Importer(815301076,1909f56bfc062723c751e8b465ee728b)  -> (artifact id: '8d518efbf25f847e8ac9914481e90dbc') in 0.011934 seconds 
========================================================================
Received Import Request.
  Time since last request: 0.510693 seconds.
  path: Assets/Custom Assets/Apple/Textures/Apple_Albedo.png
  artifactKey: Guid(bd47fdf2bf99b7845a7a3d7c6aefb88a) Importer(815301076,1909f56bfc062723c751e8b465ee728b)
Start importing Assets/Custom Assets/Apple/Textures/Apple_Albedo.png using Guid(bd47fdf2bf99b7845a7a3d7c6aefb88a) Importer(815301076,1909f56bfc062723c751e8b465ee728b)  -> (artifact id: 'f8fd3c8b4f61885e9a97d389c0c767de') in 0.026093 seconds 
========================================================================
Received Import Request.
  Time since last request: 69.814977 seconds.
  path: Assets/Custom Assets/Cope! Free Skybox Pack
  artifactKey: Guid(e7b8113541313394abfca167b472434f) Importer(815301076,1909f56bfc062723c751e8b465ee728b)
Start importing Assets/Custom Assets/Cope! Free Skybox Pack using Guid(e7b8113541313394abfca167b472434f) Importer(815301076,1909f56bfc062723c751e8b465ee728b)  -> (artifact id: '2e0dd9973bb3ba8c275cdae7ea1f2dd4') in 0.001782 seconds 
========================================================================
Received Import Request.
  Time since last request: 1.114070 seconds.
  path: Assets/Custom Assets/Cope! Free Skybox Pack/materials
  artifactKey: Guid(96512971e7c4a4c57a962e02cbd7ec51) Importer(815301076,1909f56bfc062723c751e8b465ee728b)
Start importing Assets/Custom Assets/Cope! Free Skybox Pack/materials using Guid(96512971e7c4a4c57a962e02cbd7ec51) Importer(815301076,1909f56bfc062723c751e8b465ee728b)  -> (artifact id: '5e86d0c17a2efd5b269d88e2570dc790') in 0.001374 seconds 
========================================================================
Received Import Request.
  Time since last request: 38.626311 seconds.
  path: Assets/Custom Assets/Cope! Free Skybox Pack/materials/forest.mat
  artifactKey: Guid(2eeba5a34e2f1440797d2b0056f3356c) Importer(815301076,1909f56bfc062723c751e8b465ee728b)
Start importing Assets/Custom Assets/Cope! Free Skybox Pack/materials/forest.mat using Guid(2eeba5a34e2f1440797d2b0056f3356c) Importer(815301076,1909f56bfc062723c751e8b465ee728b)  -> (artifact id: '87062fa07a2e8679d18b375ba2543bff') in 0.006344 seconds 
========================================================================
Received Prepare
Registering precompiled user dll's ...
Registered in 0.005118 seconds.
Begin MonoManager ReloadAssembly
Native extension for LinuxStandalone target not found
Native extension for WindowsStandalone target not found
Native extension for OSXStandalone target not found
Native extension for WebGL target not found
Refreshing native plugins compatible for Editor in 0.80 ms, found 2 plugins.
Preloading 0 native plugins for Editor in 0.00 ms.
Mono: successfully reloaded assembly
- Completed reload, in  0.984 seconds
Domain Reload Profiling:
	ReloadAssembly (984ms)
		BeginReloadAssembly (125ms)
			ExecutionOrderSort (0ms)
			DisableScriptedObjects (7ms)
			BackupInstance (0ms)
			ReleaseScriptingObjects (0ms)
			CreateAndSetChildDomain (35ms)
		EndReloadAssembly (758ms)
			LoadAssemblies (80ms)
			RebuildTransferFunctionScriptingTraits (0ms)
			SetupTypeCache (199ms)
			ReleaseScriptCaches (2ms)
			RebuildScriptCaches (47ms)
			SetupLoadedEditorAssemblies (385ms)
				LogAssemblyErrors (0ms)
				InitializePlatformSupportModulesInManaged (18ms)
				SetLoadedEditorAssemblies (0ms)
				RefreshPlugins (1ms)
				BeforeProcessingInitializeOnLoad (54ms)
				ProcessInitializeOnLoadAttributes (188ms)
				ProcessInitializeOnLoadMethodAttributes (118ms)
				AfterProcessingInitializeOnLoad (7ms)
				EditorAssembliesLoaded (0ms)
			ExecutionOrderSort2 (0ms)
			AwakeInstancesAfterBackupRestoration (7ms)
Platform modules already initialized, skipping
Refreshing native plugins compatible for Editor in 7.36 ms, found 2 plugins.
Preloading 0 native plugins for Editor in 0.00 ms.
Unloading 2407 Unused Serialized files (Serialized files now loaded: 0)
Unloading 51 unused Assets / (25.9 KB). Loaded Objects now: 2904.
Memory consumption went from 97.4 MB to 97.4 MB.
Total: 8.608200 ms (FindLiveObjects: 0.373800 ms CreateObjectMapping: 0.077000 ms MarkObjects: 8.104800 ms  DeleteObjects: 0.051400 ms)

AssetImportParameters requested are different than current active one (requested -> active):
  custom:video-decoder-ogg-theora: a1e56fd34408186e4bbccfd4996cb3dc -> 
  custom:container-muxer-webm: aa71ff27fc2769a1b78a27578f13a17b -> 
  custom:container-demuxer-webm: 4f35f7cbe854078d1ac9338744f61a02 -> 
  custom:video-encoder-webm-vp8: eb34c28f22e8b96e1ab97ce403110664 -> 
  custom:audio-encoder-webm-vorbis: bf7c407c2cedff20999df2af8eb42d56 -> 
  custom:framework-win-MediaFoundation: 216162199b28c13a410421893ffa2e32 -> 
  custom:container-demuxer-ogg: 62fdf1f143b41e24485cea50d1cbac27 -> 
  custom:video-decoder-webm-vp8: 9c59270c3fd7afecdb556c50c9e8de78 -> 
  custom:audio-decoder-ogg-vorbis: bf7c407c2cedff20999df2af8eb42d56 -> 
========================================================================
Received Import Request.
  Time since last request: 330.881376 seconds.
  path: Assets/Scripts/Manager.cs
  artifactKey: Guid(70dfbb3010edd9d42abb06addf67575a) Importer(815301076,1909f56bfc062723c751e8b465ee728b)
Start importing Assets/Scripts/Manager.cs using Guid(70dfbb3010edd9d42abb06addf67575a) Importer(815301076,1909f56bfc062723c751e8b465ee728b)  -> (artifact id: '58dea74415952871934fd37c94fd7dd7') in 0.010696 seconds 
========================================================================
Received Import Request.
  Time since last request: 69.485085 seconds.
  path: Assets/Scripts/onCollision.cs
  artifactKey: Guid(628e2eda57a63f14dba7449b3377acf6) Importer(815301076,1909f56bfc062723c751e8b465ee728b)
Start importing Assets/Scripts/onCollision.cs using Guid(628e2eda57a63f14dba7449b3377acf6) Importer(815301076,1909f56bfc062723c751e8b465ee728b)  -> (artifact id: 'bacb1c2cdba0a17066e3f7d85d063296') in 0.001390 seconds 
========================================================================
Received Import Request.
  Time since last request: 18.719158 seconds.
  path: Assets/Scripts/Sphere.cs
  artifactKey: Guid(a6cc346ccc80d924e83a40a957368c95) Importer(815301076,1909f56bfc062723c751e8b465ee728b)
Start importing Assets/Scripts/Sphere.cs using Guid(a6cc346ccc80d924e83a40a957368c95) Importer(815301076,1909f56bfc062723c751e8b465ee728b)  -> (artifact id: '3c6ffd1846c997feade41484386c649d') in 0.001215 seconds 
========================================================================
Received Import Request.
  Time since last request: 664.871384 seconds.
  path: Assets/Resources/Materials/Prototype_512x512_Blue1.mat
  artifactKey: Guid(c5fe1fbb7bc555c4c91ef7271544dd6a) Importer(815301076,1909f56bfc062723c751e8b465ee728b)
Start importing Assets/Resources/Materials/Prototype_512x512_Blue1.mat using Guid(c5fe1fbb7bc555c4c91ef7271544dd6a) Importer(815301076,1909f56bfc062723c751e8b465ee728b)  -> (artifact id: 'e1225c9ef7c9c9e575f04fbb883cd324') in 0.055045 seconds 
========================================================================
Received Import Request.
  Time since last request: 42.948157 seconds.
  path: Assets/Thirdparty/Ciathyza/Gridbox Prototype Materials/Materials/HDRP
  artifactKey: Guid(b57a409b80fff1b4bbfdcdafcc3e4e17) Importer(815301076,1909f56bfc062723c751e8b465ee728b)
Start importing Assets/Thirdparty/Ciathyza/Gridbox Prototype Materials/Materials/HDRP using Guid(b57a409b80fff1b4bbfdcdafcc3e4e17) Importer(815301076,1909f56bfc062723c751e8b465ee728b)  -> (artifact id: '3c5b7abc7af6fd70e09640ad3d8e1f93') in 0.001447 seconds 
========================================================================
Received Import Request.
  Time since last request: 0.093704 seconds.
  path: Assets/Thirdparty/Ciathyza/Gridbox Prototype Materials/Materials/HDRP/Prototype_512x512_Blue1.mat
  artifactKey: Guid(0faf08228432a664cb2d46f4d1eee2b0) Importer(815301076,1909f56bfc062723c751e8b465ee728b)
Start importing Assets/Thirdparty/Ciathyza/Gridbox Prototype Materials/Materials/HDRP/Prototype_512x512_Blue1.mat using Guid(0faf08228432a664cb2d46f4d1eee2b0) Importer(815301076,1909f56bfc062723c751e8b465ee728b)  -> (artifact id: '305495c8bf018377065a0733d8bda818') in 0.008867 seconds 
========================================================================
Received Import Request.
  Time since last request: 0.038366 seconds.
  path: Assets/Thirdparty/Ciathyza/Gridbox Prototype Materials/Materials/HDRP/Prototype_512x512_Blue3.mat
  artifactKey: Guid(c90bcdf992e150d41b0ee0f7aabccad6) Importer(815301076,1909f56bfc062723c751e8b465ee728b)
Start importing Assets/Thirdparty/Ciathyza/Gridbox Prototype Materials/Materials/HDRP/Prototype_512x512_Blue3.mat using Guid(c90bcdf992e150d41b0ee0f7aabccad6) Importer(815301076,1909f56bfc062723c751e8b465ee728b)  -> (artifact id: '7fbcef2cd425e52e70a4791b0c7d2856') in 0.016907 seconds 
========================================================================
Received Import Request.
  Time since last request: 0.000024 seconds.
  path: Assets/Thirdparty/Ciathyza/Gridbox Prototype Materials/Materials/HDRP/Prototype_512x512_Grey3.mat
  artifactKey: Guid(a66e312fee7fb6e469dec2f4daba4dcd) Importer(815301076,1909f56bfc062723c751e8b465ee728b)
Start importing Assets/Thirdparty/Ciathyza/Gridbox Prototype Materials/Materials/HDRP/Prototype_512x512_Grey3.mat using Guid(a66e312fee7fb6e469dec2f4daba4dcd) Importer(815301076,1909f56bfc062723c751e8b465ee728b)  -> (artifact id: '640ac669db4014b52b3ae7f8a48da023') in 0.008536 seconds 
========================================================================
Received Import Request.
  Time since last request: 0.000031 seconds.
  path: Assets/Thirdparty/Ciathyza/Gridbox Prototype Materials/Materials/HDRP/Prototype_512x512_Magenta.mat
  artifactKey: Guid(4f8daeaadc7b77c42b2004245caa7f63) Importer(815301076,1909f56bfc062723c751e8b465ee728b)
Start importing Assets/Thirdparty/Ciathyza/Gridbox Prototype Materials/Materials/HDRP/Prototype_512x512_Magenta.mat using Guid(4f8daeaadc7b77c42b2004245caa7f63) Importer(815301076,1909f56bfc062723c751e8b465ee728b)  -> (artifact id: 'b8d02cb21e1b5ef63f193824f63dd2b7') in 0.016171 seconds 
========================================================================
Received Import Request.
  Time since last request: 0.000040 seconds.
  path: Assets/Thirdparty/Ciathyza/Gridbox Prototype Materials/Materials/HDRP/Prototype_512x512_Green1.mat
  artifactKey: Guid(f29b9efacb0fa1b45a6ebd5778585717) Importer(815301076,1909f56bfc062723c751e8b465ee728b)
Start importing Assets/Thirdparty/Ciathyza/Gridbox Prototype Materials/Materials/HDRP/Prototype_512x512_Green1.mat using Guid(f29b9efacb0fa1b45a6ebd5778585717) Importer(815301076,1909f56bfc062723c751e8b465ee728b)  -> (artifact id: 'e3fdf9e42209066f54151d0e96edcc45') in 0.009086 seconds 
========================================================================
Received Import Request.
  Time since last request: 0.000023 seconds.
  path: Assets/Thirdparty/Ciathyza/Gridbox Prototype Materials/Materials/HDRP/Prototype_512x512_Orange.mat
  artifactKey: Guid(7e6b6a154cd59634b8e06a92e338ba2c) Importer(815301076,1909f56bfc062723c751e8b465ee728b)
Start importing Assets/Thirdparty/Ciathyza/Gridbox Prototype Materials/Materials/HDRP/Prototype_512x512_Orange.mat using Guid(7e6b6a154cd59634b8e06a92e338ba2c) Importer(815301076,1909f56bfc062723c751e8b465ee728b)  -> (artifact id: '338e1f595481b75e3831aec82308ad4d') in 0.007898 seconds 
========================================================================
Received Import Request.
  Time since last request: 0.000031 seconds.
  path: Assets/Thirdparty/Ciathyza/Gridbox Prototype Materials/Materials/HDRP/Prototype_512x512_Olive.mat
  artifactKey: Guid(a3b40d06620734d4fa8f4423d0f09692) Importer(815301076,1909f56bfc062723c751e8b465ee728b)
Start importing Assets/Thirdparty/Ciathyza/Gridbox Prototype Materials/Materials/HDRP/Prototype_512x512_Olive.mat using Guid(a3b40d06620734d4fa8f4423d0f09692) Importer(815301076,1909f56bfc062723c751e8b465ee728b)  -> (artifact id: 'd873de8fd4e614201f6617f58ccca029') in 0.009145 seconds 
========================================================================
Received Import Request.
  Time since last request: 0.000025 seconds.
  path: Assets/Thirdparty/Ciathyza/Gridbox Prototype Materials/Materials/HDRP/Prototype_512x512_Red.mat
  artifactKey: Guid(c61a55dba6ed64c4f8e865f32677062f) Importer(815301076,1909f56bfc062723c751e8b465ee728b)
Start importing Assets/Thirdparty/Ciathyza/Gridbox Prototype Materials/Materials/HDRP/Prototype_512x512_Red.mat using Guid(c61a55dba6ed64c4f8e865f32677062f) Importer(815301076,1909f56bfc062723c751e8b465ee728b)  -> (artifact id: '05da8d0cd299cc432afb6c4fb9de4efa') in 0.007969 seconds 
========================================================================
Received Import Request.
  Time since last request: 0.000029 seconds.
  path: Assets/Thirdparty/Ciathyza/Gridbox Prototype Materials/Materials/HDRP/Prototype_512x512_Cyan.mat
  artifactKey: Guid(853d20181ae88ba47b1084b10a15569b) Importer(815301076,1909f56bfc062723c751e8b465ee728b)
Start importing Assets/Thirdparty/Ciathyza/Gridbox Prototype Materials/Materials/HDRP/Prototype_512x512_Cyan.mat using Guid(853d20181ae88ba47b1084b10a15569b) Importer(815301076,1909f56bfc062723c751e8b465ee728b)  -> (artifact id: '2225238c730e777e5ba91192469dc9dc') in 0.007348 seconds 
========================================================================
Received Import Request.
  Time since last request: 0.000021 seconds.
  path: Assets/Thirdparty/Ciathyza/Gridbox Prototype Materials/Materials/HDRP/Prototype_512x512_Yellow.mat
  artifactKey: Guid(dd66d467961812f4383351e477499b93) Importer(815301076,1909f56bfc062723c751e8b465ee728b)
Start importing Assets/Thirdparty/Ciathyza/Gridbox Prototype Materials/Materials/HDRP/Prototype_512x512_Yellow.mat using Guid(dd66d467961812f4383351e477499b93) Importer(815301076,1909f56bfc062723c751e8b465ee728b)  -> (artifact id: 'a7fb4d6fa9df57707b595caee7579574') in 0.007493 seconds 
========================================================================
Received Import Request.
  Time since last request: 7.833056 seconds.
  path: Assets/Thirdparty/Ciathyza/Gridbox Prototype Materials/Materials/Standard/Prototype_512x512_Blue1.mat
  artifactKey: Guid(663834164c6a04740aaa1b778249ce7e) Importer(815301076,1909f56bfc062723c751e8b465ee728b)
Start importing Assets/Thirdparty/Ciathyza/Gridbox Prototype Materials/Materials/Standard/Prototype_512x512_Blue1.mat using Guid(663834164c6a04740aaa1b778249ce7e) Importer(815301076,1909f56bfc062723c751e8b465ee728b)  -> (artifact id: 'f41480ca87bb00162c28e52580effc30') in 0.227084 seconds 
========================================================================
Received Import Request.
  Time since last request: 0.000024 seconds.
  path: Assets/Thirdparty/Ciathyza/Gridbox Prototype Materials/Materials/Standard/Prototype_512x512_Red.mat
  artifactKey: Guid(5a26de236ce89e94b963be8fa2b7ade6) Importer(815301076,1909f56bfc062723c751e8b465ee728b)
Start importing Assets/Thirdparty/Ciathyza/Gridbox Prototype Materials/Materials/Standard/Prototype_512x512_Red.mat using Guid(5a26de236ce89e94b963be8fa2b7ade6) Importer(815301076,1909f56bfc062723c751e8b465ee728b)  -> (artifact id: '2c4f2f728ff7e9ea3c67093672374051') in 0.009522 seconds 
========================================================================
Received Import Request.
  Time since last request: 0.000029 seconds.
  path: Assets/Thirdparty/Ciathyza/Gridbox Prototype Materials/Materials/Standard/Prototype_512x512_Green3.mat
  artifactKey: Guid(f6298605825d7154f8923c76872aa46e) Importer(815301076,1909f56bfc062723c751e8b465ee728b)
Start importing Assets/Thirdparty/Ciathyza/Gridbox Prototype Materials/Materials/Standard/Prototype_512x512_Green3.mat using Guid(f6298605825d7154f8923c76872aa46e) Importer(815301076,1909f56bfc062723c751e8b465ee728b)  -> (artifact id: 'f08787707109461b0bb6523053a2579e') in 0.010562 seconds 
========================================================================
Received Import Request.
  Time since last request: 0.000029 seconds.
  path: Assets/Thirdparty/Ciathyza/Gridbox Prototype Materials/Materials/Standard/Prototype_512x512_Grey4.mat
  artifactKey: Guid(8d530ffe6c4968843806085897955b9d) Importer(815301076,1909f56bfc062723c751e8b465ee728b)
Start importing Assets/Thirdparty/Ciathyza/Gridbox Prototype Materials/Materials/Standard/Prototype_512x512_Grey4.mat using Guid(8d530ffe6c4968843806085897955b9d) Importer(815301076,1909f56bfc062723c751e8b465ee728b)  -> (artifact id: '4829ea9e491543f32ec40e52bb9049a9') in 0.009558 seconds 
========================================================================
Received Import Request.
  Time since last request: 0.000029 seconds.
  path: Assets/Thirdparty/Ciathyza/Gridbox Prototype Materials/Materials/Standard/Prototype_512x512_Magenta.mat
  artifactKey: Guid(4b905f60df09c8245b6e0d5af2e04c7f) Importer(815301076,1909f56bfc062723c751e8b465ee728b)
Start importing Assets/Thirdparty/Ciathyza/Gridbox Prototype Materials/Materials/Standard/Prototype_512x512_Magenta.mat using Guid(4b905f60df09c8245b6e0d5af2e04c7f) Importer(815301076,1909f56bfc062723c751e8b465ee728b)  -> (artifact id: '7ffdf4cc88ac5afa81b168b2225b2132') in 0.009804 seconds 
========================================================================
Received Import Request.
  Time since last request: 0.000023 seconds.
  path: Assets/Thirdparty/Ciathyza/Gridbox Prototype Materials/Materials/Standard/Prototype_512x512_Orange.mat
  artifactKey: Guid(652107f36a28e44479c0b827dee5852a) Importer(815301076,1909f56bfc062723c751e8b465ee728b)
Start importing Assets/Thirdparty/Ciathyza/Gridbox Prototype Materials/Materials/Standard/Prototype_512x512_Orange.mat using Guid(652107f36a28e44479c0b827dee5852a) Importer(815301076,1909f56bfc062723c751e8b465ee728b)  -> (artifact id: 'f14a6af633c04c9f9cbd960998eb3ec4') in 0.008881 seconds 
========================================================================
Received Import Request.
  Time since last request: 0.000021 seconds.
  path: Assets/Thirdparty/Ciathyza/Gridbox Prototype Materials/Materials/Standard/Prototype_512x512_Green2.mat
  artifactKey: Guid(dbe80190c9adea34c8c8845ca4a17934) Importer(815301076,1909f56bfc062723c751e8b465ee728b)
Start importing Assets/Thirdparty/Ciathyza/Gridbox Prototype Materials/Materials/Standard/Prototype_512x512_Green2.mat using Guid(dbe80190c9adea34c8c8845ca4a17934) Importer(815301076,1909f56bfc062723c751e8b465ee728b)  -> (artifact id: 'cd9817560f8d83133fe977c3d7d87e34') in 0.009312 seconds 
========================================================================
Received Import Request.
  Time since last request: 0.000021 seconds.
  path: Assets/Thirdparty/Ciathyza/Gridbox Prototype Materials/Materials/Standard/Prototype_512x512_Yellow.mat
  artifactKey: Guid(c852af001dae0064e9acaa832f1dadb7) Importer(815301076,1909f56bfc062723c751e8b465ee728b)
Start importing Assets/Thirdparty/Ciathyza/Gridbox Prototype Materials/Materials/Standard/Prototype_512x512_Yellow.mat using Guid(c852af001dae0064e9acaa832f1dadb7) Importer(815301076,1909f56bfc062723c751e8b465ee728b)  -> (artifact id: '530b9491f46de3da5ef6c60371638b4d') in 0.009894 seconds 
Editor requested this worker to shutdown with reason: Scaling down because of idle timeout
AssetImportWorker is now disconnected from the server
Process exiting
Exiting without the bug reporter. Application will terminate with return code 0